Class ID;Definitions;database_cross_reference;functionally related to
http://purl.obolibrary.org/obo/PO_0001380;Stage of calyx development that begins when the sepals enclose the floral bud.;;
http://purl.obolibrary.org/obo/PO_0007504;The stage at which the initial cells of crown root primordium are formed in the innermost ground meristem cells by one or two periclinal divisions.|Crown root primordia formed endogenously opposite the collateral bundles in maize.;;
http://purl.obolibrary.org/obo/PO_0025473;A portion of reaction wood (PO:0025472) found on the lower side of a shoot axis (PO:0025029) that is or was angled away from vertical and that has as parts heavily lignified tracheids (PO:0000301) with a specialized S2 layer that contains more lignin and has a larger (more horizontal) microfibril angle.|Develops as a response to gravity (compression) and may function in restoring a stem (PO:0009047) or branch (PO:0025073) that is leaning to its original position. Found in gymnosperms.;;
http://purl.obolibrary.org/obo/PO_0007525;The stage at which distinct tissues become organized.;;
http://purl.obolibrary.org/obo/PO_0007112;The stage at which vegetative structures are being produced by SAM.|In monocots each leaf stage is defined according to the uppermost leaf whose collar is visible (Handbook of plant and crop physiology).;;
http://purl.obolibrary.org/obo/CARO_0001010;;;
http://purl.obolibrary.org/obo/PO_0025474;A portion of reaction wood (PO:0025472) found on the upper side of a shoot axis (PO:0025029) that is or was angled away from vertical and that has as parts gelatinous fiber cells (PO:0025422).|Develops as a response to gravity (tension) and may function in restoring a stem (PO:0009047) or branch (PO:0025073) that is leaning to its original position. Found in angiosperms. Secondary xylem tracheary elements (PO:0025445) in tension wood are often longer than the tracheary elements in non-tension wood of the same plant. The gelatinous fiber cells found in reaction wood have a cell wall inner layer (G layer) that contains abundant cellulose and is poor in lignin.;;
http://purl.obolibrary.org/obo/PO_0007080;The stage at which main shoot and axillary shoots at three nodes are visible.|The axillary shoot can be a single shoot or a pair of axillary shoots at each node.;;
http://purl.obolibrary.org/obo/PO_0025574;A vascular leaf development stage (PO:0025570) that begins with the formation of procambium (PO:0025275) and protoderm (PO:0006210) and ends with the formation and differentiation of the leaf epidermis (PO:0006016) and leaf vascular system (PO:0000036) and all the specialized cells of the vascular leaf.;;
http://purl.obolibrary.org/obo/PO_0030089;A shoot-borne root (PO:0000042) that is sclerified and pointed.|Shoot-borne root spines cannot grow indeterminately or supply the plant with water and solutes. See PO_REF:00015 for documentation of shoot-borne root spines in Acanthorhiza aculeata (Arecaceae).;;
http://purl.obolibrary.org/obo/NCBITaxon_33090;;;
http://purl.obolibrary.org/obo/PO_0007019;The first awns are visible and the flag leaf sheath has opened.|Awns will be visible only in those species and varieties where they are known to be present. Booting is a term used specifically for grasses (Poaceae).;;
http://purl.obolibrary.org/obo/PO_0025527;A collective plant organ structure development stage (PO:0025338) that begins with the onset of the plant organ development stage (PO:0025339) and ends with either gametophyte senescent stage (PO:0025343) or sporophyte senescent stage (PO:0007017) or death.|The shoot system (PO:0009006) develops fron the shoot apical meristem (PO:0020148) in the plant embryo (PO:0009009) in vascular plants.  In lower plants the gametophore (PO:0030018) arises from a gametophore meristematic apical cell (PO:0030019) in the protonema (PO:0030003).;;
http://purl.obolibrary.org/obo/PO_0001051;A vascular leaf development stage (PO:0025570) which begins with the onset of the vascular leaf anlagen formation stage (PO:0001003) and ends with the termination of the vascular leaf primordium polarity determination stage (PO:0001052).|Localized cell divisions in the peripheral zone (PO:0000225) transition from anticlinal to periclinal divisions.;;
http://purl.obolibrary.org/obo/CARO_0030000;;;
http://purl.obolibrary.org/obo/PO_0001013;Stage of microgametophyte development during which a large vacuole is formed in each microspore causing a rapid increase in size and a displacement of the nucleus to one side.;;
http://purl.obolibrary.org/obo/PO_0001097;A sporophyte development stage (PO:0007134) that occurs during the interval between fertilization and the first cell division of the plant zygote (PO:0000423).|Precedes the sporophyte vegetative stage (PO:0007134). Refers to the GO biological process term fertilization (GO:0009566).;;
http://purl.obolibrary.org/obo/PO_0007509;The stage at which the root vascular cylinder becomes evident.|The first identifiable region in the differentiating vascular cylinder is the pericycle. In the xylem the differentiation of the tracheary elements begins in a centrifugal direction but is completed in the centripetal direction. The first phloem elements mature before the first xylem elements.;;
http://purl.obolibrary.org/obo/PO_0001052;A vascular leaf development stage (PO:0025570) during which vascular leaf size increases primarily through cell expansion.|During this stage leaf shaping (GO:0010358) occurs which is defined as the developmental process that pertains to the organization of a leaf in three-dimensional space once the structure has initially formed.;;
http://purl.obolibrary.org/obo/PO_0007073;The stage at which the axillary shoots are forming.;;
http://purl.obolibrary.org/obo/NCBITaxon_35493;;;
http://purl.obolibrary.org/obo/PO_0007510;The stage at which the fully formed root emerges.;;
http://purl.obolibrary.org/obo/PO_0004501;Stage of gynoecium development defined by differentiation and expansion of carpels.;;
http://purl.obolibrary.org/obo/PO_0025612;A portion of shoot axis cortex (PO:0000223) that is part of a stem (PO:0009047).;;
http://purl.obolibrary.org/obo/PO_0007056;Trichome initiation stage that determine numbers of trichome are formed.;;
http://purl.obolibrary.org/obo/PO_0001378;Stage of calyx development that begins when the developing sepals enclose the floral meristem.;;
http://purl.obolibrary.org/obo/PO_0025533;A native plant cell (PO:0025606) which is vegetative and develops from the division of the microspore (PO:0020048) of vascular plants other than angiosperms.|The prothallial cell (PO:0025533) is part of the microgametophyte (PO:0025280) and is believed to be the remnant of the vegetative tissue of the male gametophyte.;;
http://purl.obolibrary.org/obo/PO_0001045;Stage of calyx development when sepal is fully expanded.;;
http://purl.obolibrary.org/obo/PO_0007622;Stage of ovule development that begins when the integument primordia are visible.;;
http://purl.obolibrary.org/obo/PO_0007018;The flag leaf sheath has started to extend.|In rice the flag leaf sheath is 5cm out of the penultimate leaf sheath. Upper part of the stem is slightly thickened. Booting is a term used specifically for grasses (Poaceae).;;
http://purl.obolibrary.org/obo/PO_0025526;A spermatogenous cell (PO:0025525) of the microgametophyte (PO:0025280) that divides to produce a vegetative cell (PO:0020099) and the pollen sperm cell (PO:0025121).|Occurs in gymnosperms.;;
http://purl.obolibrary.org/obo/PO_0007110;The stage at which main shoot and axillary shoots at nine nodes or more are visible.|The axillary shoot can be a single shoot or a pair of axillary shoots at each node.;;
http://purl.obolibrary.org/obo/PO_0001035;Stage during which the dehiscence of anthers occurs. Anther breaks along stomium and pollen is released.;;
http://purl.obolibrary.org/obo/PO_0025623;A first order infructescence axis (PO:0025244) in an ear infructescence (PO:0025597) that bears kernels (i.e. caryopsis fruit; PO:0030104).;;
http://purl.obolibrary.org/obo/PO_0028004;A shoot axis apex (PO:0000037) that is part of a branch (PO:0025073).;;
http://purl.obolibrary.org/obo/PO_0001056;Stage of lemma development defined by differentiation and expansion of lemma.;;
http://purl.obolibrary.org/obo/PO_0007629;The stage of megagametophyte development when there are eight nuclei.|Some plants do not form an eight nucleate megametophyte.;;
http://purl.obolibrary.org/obo/PO_0007003;An inflorescence detectable phase during which an inflorescence has reached at its full length.|This phase can only be used if the final length of the inflorescence is known.;;
http://purl.obolibrary.org/obo/PO_0001049;A phyllome development stage (PO:0025579) that has as a primary participant a lodicule (PO:0009036).;;
http://purl.obolibrary.org/obo/PO_0001018;Stage during which the primary parietal and primary sporogenous layers are derived from archesporial cells.;;
http://purl.obolibrary.org/obo/PO_0025617;A portion of carpel epidermis (PO:0025096) that covers the abaxial surface of a carpel (PO:0009030).|The abaxial surface is the one which is furthest from the plant axis.;;
http://purl.obolibrary.org/obo/PO_0030088;A lateral root (PO:0020121) that is sclerified and pointed.|Lateral root spines cannot grow indeterminately or supply the plant with water and solutes. See JSTOR:43235457 for documentation of lateral root spines in Dioscorea prehensilis (Dioscoreaceae) and Moraea sp. (Iridaceae).;;
http://purl.obolibrary.org/obo/GO_0016740;;;
http://purl.obolibrary.org/obo/BFO_0000040;An independent continuant that is spatially extended whose identity is independent of that of other entities and can be maintained through time.;;
http://purl.obolibrary.org/obo/NCBITaxon_2759;;;
http://purl.obolibrary.org/obo/PO_0001050;A phyllome development stage (PO:0025579) during which the development of vascular leaves (PO:0009025) and non-vascular leaves (PO:0025075) occurs.;;
http://purl.obolibrary.org/obo/BFO_0000006;;;
http://purl.obolibrary.org/obo/PO_0001048;A phyllome development stage (PO:0025579) that has as a primary participant a palea (PO:0009038).;;
http://purl.obolibrary.org/obo/PO_0007039;A trichome development stage that has as primary participant a leaf trichome.;;
http://purl.obolibrary.org/obo/NCBITaxon_78536;;;
http://purl.obolibrary.org/obo/PO_0025602;A gametophyte development stage (PO:0028003) during which a microgametophyte (PO:0025280) develops.;;
http://purl.obolibrary.org/obo/PO_0001071;Stage of palea development when palea is fully expanded.;;
http://purl.obolibrary.org/obo/PO_0025532;A shoot system development stage (PO:0025527) during which a shoot system (PO:0009006) emerges from the bud (PO:0009006).;;
http://purl.obolibrary.org/obo/PO_0001072;Stage of lodicule development that begins when the lodicule primordia arise.|Two lodicules form on the side of the lemma in rice spikelet.;;
http://purl.obolibrary.org/obo/PO_0025598;An inflorescence (PO:0009049) that includes as part only pistillate flowers (PO:0025599).;;
http://purl.obolibrary.org/obo/PO_0007093;The stage at which main shoot and axillary shoots at five nodes are visible.|The axillary shoot can be a single shoot or a pair of axillary shoots at each node.;;
http://purl.obolibrary.org/obo/PO_0025590;A portion of pith (PO:0006109) that is part of a receptacle (PO:0009064).;;
http://purl.obolibrary.org/obo/PO_0025622;A primary xylem vessel member (PO:0025448) that is part of the metaxylem (PO:0000372).;;
http://purl.obolibrary.org/obo/PO_0025531;A bud development stage (PO:0025528) during which a bud (PO:0009006) enlarges due to growth of the shoot system (PO:0009006).;;
http://purl.obolibrary.org/obo/NCBITaxon_3398;;;
http://purl.obolibrary.org/obo/PO_0001055;Stage of lemma development that begins when the lemma primordia arise.|The lemma primordium forms in 1/2 alternate phylotaxy in rice spikelet.;;
http://purl.obolibrary.org/obo/PO_0007008;The stage at which 1/2 of inflorescence has emerged from flag leaf sheath.;;
http://purl.obolibrary.org/obo/PO_0007620;Stage of ovule development that begins when the ovule primordia arise.;;
http://purl.obolibrary.org/obo/PO_0001040;A seed development stage (PO:0001170) during which the mature seed reaches a low moisture content.;;
http://purl.obolibrary.org/obo/PO_0007077;The stage at which main shoot and axillary shoots at eight nodes are visible.|The axillary shoot can be a single shoot or a pair of axillary shoots at each node.;;
http://purl.obolibrary.org/obo/PO_0001041;The initial stage of endosperm development during which the chalazal and micropilar domains are established.;;
http://purl.obolibrary.org/obo/PO_0025601;An inflorescence (PO:0009049) that includes as part only staminate flowers (PO:0025600).;;
http://purl.obolibrary.org/obo/PO_0007030;Shoot or leaf breaks through soil surface.;;
http://purl.obolibrary.org/obo/PO_0004505;The earliest stage of seed development immediately following double fertilization.;;
http://purl.obolibrary.org/obo/PO_0007023;The stage at which the inflorescence has fully emerged from the flag leaf sheath.;;
http://purl.obolibrary.org/obo/PO_0001024;A vascular leaf expansion stage (PO:0001052) during which a rapid elongation of the leaf sheath (PO:0020104) occurs.|Occurs in the Poaceae.;;
http://purl.obolibrary.org/obo/PO_0007625;The product of meiosis of the megaspore mother cell.;;
http://purl.obolibrary.org/obo/PO_0025529;A bud development stage (PO:0025528) during which a bud (PO:0009006) participates in a bud dormancy process (GO:0097207).;;
http://purl.obolibrary.org/obo/PO_0004500;A vascular leaf expansion stage (PO:0001052) at which a leaflet primordium (PO:0025481) is initiated on the leaf rachis (PO:0020055) of a compound leaf (PO:0020043).;;
http://purl.obolibrary.org/obo/PO_0007618;Stage of gynoecium development that begins when the carpel primordia arise.;;
http://purl.obolibrary.org/obo/NCBITaxon_3193;;;
http://purl.obolibrary.org/obo/PO_0007518;The stage at which the crown root emerges.|Crown root stages are based on rice plant.;;
http://purl.obolibrary.org/obo/PO_0001023;A vascular leaf expansion stage (PO:0001052) during which a rapid elongation of the leaf lamina (PO:0020039) occurs.;;
http://purl.obolibrary.org/obo/PO_0025528;A shoot system development stage (PO:0025527) that has as primary participant a bud (PO:0009006).;;
http://purl.obolibrary.org/obo/PO_0007059;The stage trichome develops branches.;;
http://purl.obolibrary.org/obo/PO_0025620;A primary xylem vessel (PO:0025450) which is part of the metaxylem (PO:0000372).|Metaxylem vessels are composed of metaxylem vessel members (elements; PO:0025622).;;
http://purl.obolibrary.org/obo/PO_0007135;The stage involved in the directionality of expansion growth.;;
http://purl.obolibrary.org/obo/PO_0001053;A vascular leaf development stage (PO:0025570) that begins when the vascular leaf (PO:0009025) is fully expanded and ends with the onset of the vascular leaf senescence stage (PO:0001054).;;
http://purl.obolibrary.org/obo/PO_0025605;An abscission zone (PO:0000146) that forms as a swelling or joint on a fruit pedicel (PO:0030114).;;
http://purl.obolibrary.org/obo/PO_0007604;A collective phyllome structure development stage (PO:0025578) that has as a primary participant a corolla (PO:0009059).;;
http://purl.obolibrary.org/obo/PO_0025621;A primary xylem tracheid (PO:0025446) that is part of the metaxylem (PO:0000372).;;
http://purl.obolibrary.org/obo/PO_0001054;A vascular leaf development stage (PO:0025570) that begins with the formation of a abscission zone at the base of a vascular leaf (PO:0009025) and ends with leaf separation and death.;;
http://purl.obolibrary.org/obo/PO_0004504;Stage of ovule development defined by differentiation and expansion of ovules.;;
http://purl.obolibrary.org/obo/PO_0025573;A leaf development stage (PO:0001050) that has as a primary participant a non-vascular leaf (PO:0025075).;;
http://purl.obolibrary.org/obo/PO_0005031;A strobilus (PO:0025083) that bears only pollen (PO:0025281).;;
http://purl.obolibrary.org/obo/PO_0007603;A collective phyllome structure development stage (PO:0025578) that has as a primary participant a calyx (PO:0009060).;;
http://purl.obolibrary.org/obo/PO_0001007;A microgametophyte development stage (PO:0025602) during which the pollen (PO:0025281) develops.;;
http://purl.obolibrary.org/obo/PO_0025551;A portion of plant tissue (PO:0009007) that is the apical most portion of a multicellular trichome (PO:0025162).|This term describes the apex region of a multicellular trichome (PO:0000282).  The apex of a unicellular trichome is a GO cellular component: unicellular trichome apex (GO:0090552).;;
http://purl.obolibrary.org/obo/PO_0007028;The flag leaf sheath starts opening.|Booting is a term used specifically for grasses (Poaceae).;;
http://purl.obolibrary.org/obo/PO_0007051;Booting has just begun.|Booting is a term used specifically for grasses (Poaceae).;;
http://purl.obolibrary.org/obo/PO_0007013;The flag leaf sheath swollen.|In rice the flag leaf sheath is more than 10cm out of the penultimate leaf sheath. Booting is a term used specifically for grasses (Poaceae).;;
http://purl.obolibrary.org/obo/PO_0001058;Stage of palea development that begins when the palea primordia arise.|The palea primordium forms in 1/2 alternate phylotaxy in rice spikelet.;;
http://purl.obolibrary.org/obo/BFO_0000141;;;
http://purl.obolibrary.org/obo/PO_0025594;A portion of meristem tissue (PO:0009013) that gives rise to a portion of ground tissue (PO:0025059).;;
http://purl.obolibrary.org/obo/PO_0007623;The stage of megagametophyte development when the megaspore mother cell enlarges.;;
http://purl.obolibrary.org/obo/PO_0001036;Stage during which the senescence of anther and stamen occurs. Shrinkage of cells and anther structure takes place.;;
http://purl.obolibrary.org/obo/PO_0007608;Stage of corolla development that begins when the petal or petal-stamen primordia arise.;;
http://purl.obolibrary.org/obo/PO_0007624;The stage of megagametophyte development when the megaspore mother cell undergoes meiosis.;;
http://purl.obolibrary.org/obo/NCBITaxon_1;;;
http://purl.obolibrary.org/obo/PO_0001044;Stage of calyx development defined by differentiation and expansion of sepal.;;
http://purl.obolibrary.org/obo/PO_0025618;A portion of carpel epidermis (PO:0025096) that covers the adaxial surface of a carpel (PO:0009030).|The adaxial surface is the one which is closest to the plant axis.;;
http://purl.obolibrary.org/obo/PO_0007517;The stage at which the lateral root emerges.|Starch grains can be seen in the root cap after emergence.;;
http://purl.obolibrary.org/obo/GO_0003824;;;
http://purl.obolibrary.org/obo/PO_0025619;A cardinal organ part (PO:0025001) that is the edge of a laminar portion of a leaf sheath (PO:0020104) and the area immediately internally adjacent to it.;;
http://purl.obolibrary.org/obo/PO_0001006;Stage during which the microsporocytes become conspicuous.;;
http://purl.obolibrary.org/obo/PO_0005030;A glandular trichome (PO:0004509) that synthesizes terpenophenolic resins and prenylflavonoids.|One of the major chalconoids from hops is xanthohumol (CHEBI:66331).;;
http://purl.obolibrary.org/obo/PO_0001079;Stage of lodicule development when lodicule is fully expanded.;;
http://purl.obolibrary.org/obo/PO_0007034;The stage at which 1/4 of flowers open.|This stage refers to the whole plant.;;
http://purl.obolibrary.org/obo/PO_0007134;A sporophyte development stage (PO:0028002) that occurs during the interval between the first division of a plant zygote (PO:0000423) and the formation of a sporangium (PO:0025094).|Succeeds a plant zygote stage (PO:0001097). A sporophyte may begin to senesce or die from other causes before producing sporangia. Developmental vegetative growth (GO:0080186) can also occur during the reproductive stage.;;
http://purl.obolibrary.org/obo/PO_0025471;A cotyledon (PO:0020030) that is part of a whole plant (PO:0000003) in the seedling development stage (PO:0007131).|Develops from an embryo cotyledon (PO:0025470).;;
http://purl.obolibrary.org/obo/PO_0007628;The stage of megagametophyte development when there are four nuclei.;;
http://purl.obolibrary.org/obo/PO_0025571;A plant structure development stage (PO:0009012) that has as primary participant a multi-tissue plant structure (PO:0025496).;;
http://purl.obolibrary.org/obo/CARO_0000000;;;
http://purl.obolibrary.org/obo/PO_0004503;Epidermal cells at the top of developing style differentiate stigma.;;
http://purl.obolibrary.org/obo/PO_0025593;A shoot-borne root (PO:0000042) that arises from a shoot axis internode (PO:0005005).;;
http://purl.obolibrary.org/obo/PO_0007002;The stage at which 3/4 of inflorescence has emerged from flag leaf sheath.;;
http://purl.obolibrary.org/obo/PO_0025608;An abscission zone (PO:0000146) that forms as a swelling or joint on a flower pedicel (PO:0030113).;;
http://purl.obolibrary.org/obo/PO_0001057;Stage of lemma development when lemma is fully expanded.;;
http://purl.obolibrary.org/obo/PO_0001012;Stage of microgametophyte development during which the microspores round up and small vacuoles appear in their cytoplasm. The microspore walls thicken due to the formation of the exine.;;
http://purl.obolibrary.org/obo/PO_0007071;The stage at which main shoot and axillary shoots at two nodes are visible.|The axillary shoot can be a single shoot or a pair of axillary shoots at each node.;;
http://purl.obolibrary.org/obo/PO_0007501;The stage at which the root cap becomes evident.|The number and origin of root cap initials that form the root cap varies among species. The root cap initials become independent from the more internally located root meristem cells by an increase in the thickness of the cell wall that separates them.;;
http://purl.obolibrary.org/obo/PO_0025610;A portion of hypodermis (PO:0005051) that is part of a stem cortex (PO:0025612).;;
http://purl.obolibrary.org/obo/PO_0001019;A vascular leaf initiation stage (PO:0001051) during which a vascular leaf primordium (PO:0000017) forms in the peripheral zone (PO:0000225) of the vegetative shoot apical meristem (PO:0020148).|The vascular leaf primordium (PO:0000017) develops from the vascular leaf anlagen (PO:0025431).;;
http://purl.obolibrary.org/obo/PO_0007133;The stage at which the leaves produced by SAM are visible above the ground in a seedling or mature plant.|This stage is recommended over rosette growth or stem elongation as it is most easily observed and least ambiguous.;;
http://purl.obolibrary.org/obo/PO_0001070;Stage of palea development defined by differentiation and expansion of palea.;;
http://purl.obolibrary.org/obo/NCBITaxon_131221;;;
http://purl.obolibrary.org/obo/PO_0001042;Stage of endosperm development during which the functional specialization of the maturing endosperm occurs.;;
http://purl.obolibrary.org/obo/PO_0007607;Stage of calyx development that begins when the sepal primordia arise.;;
http://purl.obolibrary.org/obo/PO_0001011;An initial stage during which the archesporial cells divide to give rise to primary parietal and sporogenous cells.;;
http://purl.obolibrary.org/obo/NCBITaxon_58024;;;
http://purl.obolibrary.org/obo/PO_0025530;A shoot system development stage (PO:0025527) that has as primary participant a reproductive shoot system (PO:0025082).;;
http://purl.obolibrary.org/obo/PO_0004507;A plant embryo development stage (PO:0007631) that occurs during the interval between the transition from radial to bilateral symmetry in a plant embryo proper (PO:0000001) and the onset of either the plant embryo cotyledonary stage (PO:0001078) or the plant embryo coleoptilar stage (PO:0001094).|A plant embryo bilateral stage is commonly known as the heart stage in dicotyledonous plants and the transition stage in monocots. Preceded by a plant embryo globular stage (PO:0001185).;;
http://purl.obolibrary.org/obo/PO_0001005;An initial stage during which archesporial cells arise in four corners of L2 layer. Change in shape of primordia to more oval.;;
http://purl.obolibrary.org/obo/PO_0007613;Stage of androecium development that begins when the stamens or petal-stamen primordia arise.;;
http://purl.obolibrary.org/obo/NCBITaxon_58023;;;
http://purl.obolibrary.org/obo/PO_0025470;A cotyledon (PO:0020030) that is part of a plant embryo (PO:0009009).;;
http://purl.obolibrary.org/obo/PO_0007026;The stage at which the first flower(s) open.|These first flowers are not necessarily the oldest flowers in the inflorescence. In some cereal plants the flowering starts in the middle of the inflorescence. This stage refers to the whole plant.;;
http://purl.obolibrary.org/obo/PO_0001026;Stage during which the four clearly defined locules are established. All anther cell types present and microspore mother cells appear.;;
http://purl.obolibrary.org/obo/PO_0007519;The stage at which the root hairs becomes evident.;;
http://purl.obolibrary.org/obo/PO_0007627;The stage of megagametophyte development when there are two nuclei.;;
http://purl.obolibrary.org/obo/GO_0003674;;;
http://purl.obolibrary.org/obo/PO_0025591;A portion of cortex (PO:0005708) that is part of a receptacle (PO:0009064).;;
http://purl.obolibrary.org/obo/PO_0007612;Stage of corolla development when petal is fully expanded.;;
http://purl.obolibrary.org/obo/PO_0007605;A collective phyllome structure development stage (PO:0025578) that has as a primary participant an androecium (PO:0009061).;;
http://purl.obolibrary.org/obo/PO_0001009;Stage during which pollen mother cells undergo meiosis to form tetrads of microspores.;;
http://purl.obolibrary.org/obo/NCBITaxon_131567;;;
http://purl.obolibrary.org/obo/PO_0007505;The stage at which root primordium originates and develops at specific locations in embryonic and post embryonic roots.;;
http://purl.obolibrary.org/obo/PO_0007606;A collective phyllome structure development stage (PO:0025578) that has a primary participant a gynoecium (PO:0009062).;;
http://purl.obolibrary.org/obo/PO_0001010;Stage of microgametophyte development during which the callose wall between the tetrads breaks down and haploid microspores are released and lie freely in locules.;;
http://purl.obolibrary.org/obo/PO_0007506;The stage at which a group of cells or initials that will differentiate into the primary root become organized in the embryo .;;
http://purl.obolibrary.org/obo/PO_0025607;A shoot system (PO:0009006) that has as parts only vegetative tissues and organs.;;
http://purl.obolibrary.org/obo/PO_0001008;Stage during which diploid pollen mother cells become separated from each other and from tapetum by a callose wall.;;
http://purl.obolibrary.org/obo/PO_0007022;A seed germination stage (PO:0007057) during which there is absorption of water by the seed (PO:0009010).;;
http://purl.obolibrary.org/obo/PO_0005032;A strobilus (PO:0025083) that bears only plant ovules (PO:0020003).;;
http://purl.obolibrary.org/obo/PO_0001047;A phyllome development stage (PO:0025579) that has as a primary participant a lemma (PO:0009037).;;
http://purl.obolibrary.org/obo/PO_0001083;A reproductive shoot system development stage (PO:0025530) that has as primary participant a inflorescence (PO:0009049).;;
http://purl.obolibrary.org/obo/PO_0025589;A leaf tip (PO:0025142) that is the distal portion of the leaf lamina (PO:0020039).|This is the portion of the leaf lamina (PO:0020039) that is furthest away from the stem (PO:0009047).;;
http://purl.obolibrary.org/obo/PO_0004506;Stage of seed development characterized by seed growth and differentiation.;;
http://purl.obolibrary.org/obo/PO_0001077;Stage of lodicule development defined by differentiation and expansion of lodicule.;;
http://purl.obolibrary.org/obo/PO_0007052;The stage at which 3/4 of flowers open.|This stage refers to the whole plant.;;
http://purl.obolibrary.org/obo/PO_0007122;The stage at which main shoot and axillary shoots at seven nodes are visible.|The axillary shoot can be a single shoot or a pair of axillary shoots at each node.;;
http://purl.obolibrary.org/obo/PO_0007053;The stage at which 1/2 of flowers open.|This stage refers to the whole plant.;;
http://purl.obolibrary.org/obo/PO_0025597;An infructescence (PO:0006342) in Zea species that bears kernels (i.e. caryopsis fruit; PO:0030104) on a compact ear infructescence axis (PO:0025623) and develops from the ear inflorescence (PO:0020136).;;
http://purl.obolibrary.org/obo/PO_0007626;The stage of megagametophyte development when non-functional megaspores degenerate.|In some plants more than one megaspore contributes to the megametophyte.;;
http://purl.obolibrary.org/obo/GO_0016301;;;
http://purl.obolibrary.org/obo/PO_0001031;The stage at which a root is elongating.|In some plant species this stage is subdivided into distal and proximal elongating zones.;;
http://purl.obolibrary.org/obo/PO_0025595;A ground meristem (PO:0025594) that gives rise to a portion of ground tissue (PO:0025059) in the shoot system (PO:0009006).|The meristem L2 layer (PO:0009021) and meristem L3 layer (PO:0009021) of the are part of the shoot system ground meristem (PO:0025595).;;
http://purl.obolibrary.org/obo/PO_0007611;Stage of corolla development defined by differentiation and expansion of petal.;;
http://purl.obolibrary.org/obo/PO_0007088;The stage at which main shoot and axillary shoots at four nodes are visible.|The axillary shoot can be a single shoot or a pair of axillary shoots at each node.;;
http://purl.obolibrary.org/obo/PO_0007511;This stage at which the transverse divisions in pericycle cells form the initials of the lateral root primordium.;;
http://purl.obolibrary.org/obo/PO_0025596;A ground meristem (PO:0025594) that gives rise to a portion of ground tissue (PO:0025059) in the root system (PO:0025025).;;
http://purl.obolibrary.org/obo/PO_0007036;The stage at which fruit maturation begins.;;
http://purl.obolibrary.org/obo/PO_0025613;A petiole (PO:0020038) that is sclerified and persistent.|The petiole (PO:0020038) abcisses longitudinally and the leaf lamina (PO:0020039) withers.;;
http://purl.obolibrary.org/obo/PO_0001025;Stage during which the four-lobed anther pattern with two developing stomium regions (notch) are formed.;;
http://purl.obolibrary.org/obo/GO_0008150;;;
http://purl.obolibrary.org/obo/PO_0025614;A portion of plant tissue (PO:0009007) which is a small ball of cells born on a thallus (PO:0030027) and is involved in asexual reproduction.;;
http://purl.obolibrary.org/obo/PO_0007633;Stages of development of the endosperm.;;
